<?xml version="1.0" encoding="UTF-8"?>
<!-- Generated by org.testng.reporters.JUnitReportReporter -->
<testsuite hostname="LAPTOP-85S6GIQL" failures="0" tests="1" name="com.MyStore.Testcases.TC_LoginTest" time="0.645" errors="0" timestamp="2023-11-28T16:34:32 IST" skipped="0">
  <testcase classname="com.MyStore.Testcases.TC_LoginTest" name="loginTest" time="0.645"/>
</testsuite> <!-- com.MyStore.Testcases.TC_LoginTest -->
