<?xml version="1.0" encoding="UTF-8"?>
<!-- Generated by org.testng.reporters.JUnitReportReporter -->
<testsuite hostname="LAPTOP-85S6GIQL" failures="0" tests="1" name="com.MyStore.Testcases.TC_VerifySubTotalAmount" time="9.353" errors="0" timestamp="2023-11-29T13:11:25 IST" skipped="0">
  <testcase classname="com.MyStore.Testcases.TC_VerifySubTotalAmount" name="verifySubTotalAmount" time="9.353"/>
</testsuite> <!-- com.MyStore.Testcases.TC_VerifySubTotalAmount -->
