<?xml version="1.0" encoding="UTF-8"?>
<!-- Generated by org.testng.reporters.JUnitReportReporter -->
<testsuite hostname="LAPTOP-85S6GIQL" failures="0" tests="1" name="com.MyStore.Testcases.TC_VerifyProduct_Name_and_Price" time="3.611" errors="0" timestamp="2023-11-29T11:22:26 IST" skipped="0">
  <testcase classname="com.MyStore.Testcases.TC_VerifyProduct_Name_and_Price" name="verifyProductName" time="3.611"/>
</testsuite> <!-- com.MyStore.Testcases.TC_VerifyProduct_Name_and_Price -->
